{"/Users/andrew/Desktop/reviews-api/server/server.js": {"path":"/Users/andrew/Desktop/reviews-api/server/server.js","statementMap":{"0":{"start":{"line":1,"column":16},"end":{"line":1,"column":34}},"1":{"start":{"line":2,"column":12},"end":{"line":2,"column":21}},"2":{"start":{"line":3,"column":13},"end":{"line":3,"column":17}},"3":{"start":{"line":5,"column":0},"end":{"line":5,"column":24}},"4":{"start":{"line":7,"column":17},"end":{"line":7,"column":30}},"5":{"start":{"line":8,"column":13},"end":{"line":14,"column":2}},"6":{"start":{"line":16,"column":0},"end":{"line":28,"column":3}},"7":{"start":{"line":17,"column":2},"end":{"line":19,"column":3}},"8":{"start":{"line":18,"column":4},"end":{"line":18,"column":61}},"9":{"start":{"line":21,"column":2},"end":{"line":27,"column":4}},"10":{"start":{"line":22,"column":4},"end":{"line":22,"column":13}},"11":{"start":{"line":23,"column":4},"end":{"line":25,"column":5}},"12":{"start":{"line":24,"column":6},"end":{"line":24,"column":62}},"13":{"start":{"line":26,"column":4},"end":{"line":26,"column":28}},"14":{"start":{"line":31,"column":0},"end":{"line":33,"column":3}},"15":{"start":{"line":32,"column":2},"end":{"line":32,"column":49}},"16":{"start":{"line":36,"column":0},"end":{"line":92,"column":3}},"17":{"start":{"line":38,"column":2},"end":{"line":38,"column":25}},"18":{"start":{"line":40,"column":22},"end":{"line":45,"column":3}},"19":{"start":{"line":47,"column":18},"end":{"line":47,"column":45}},"20":{"start":{"line":49,"column":2},"end":{"line":53,"column":3}},"21":{"start":{"line":50,"column":4},"end":{"line":50,"column":36}},"22":{"start":{"line":52,"column":4},"end":{"line":52,"column":38}},"23":{"start":{"line":55,"column":16},"end":{"line":55,"column":94}},"24":{"start":{"line":57,"column":16},"end":{"line":62,"column":3}},"25":{"start":{"line":64,"column":2},"end":{"line":91,"column":5}},"26":{"start":{"line":65,"column":4},"end":{"line":90,"column":5}},"27":{"start":{"line":66,"column":6},"end":{"line":66,"column":70}},"28":{"start":{"line":69,"column":6},"end":{"line":69,"column":30}},"29":{"start":{"line":70,"column":6},"end":{"line":70,"column":40}},"30":{"start":{"line":72,"column":19},"end":{"line":83,"column":8}},"31":{"start":{"line":73,"column":22},"end":{"line":73,"column":80}},"32":{"start":{"line":75,"column":8},"end":{"line":82,"column":11}},"33":{"start":{"line":76,"column":10},"end":{"line":81,"column":13}},"34":{"start":{"line":77,"column":12},"end":{"line":80,"column":13}},"35":{"start":{"line":77,"column":22},"end":{"line":77,"column":39}},"36":{"start":{"line":77,"column":40},"end":{"line":77,"column":48}},"37":{"start":{"line":78,"column":14},"end":{"line":78,"column":44}},"38":{"start":{"line":79,"column":14},"end":{"line":79,"column":27}},"39":{"start":{"line":85,"column":6},"end":{"line":88,"column":11}},"40":{"start":{"line":87,"column":10},"end":{"line":87,"column":40}},"41":{"start":{"line":94,"column":0},"end":{"line":161,"column":3}},"42":{"start":{"line":96,"column":20},"end":{"line":98,"column":3}},"43":{"start":{"line":100,"column":14},"end":{"line":100,"column":99}},"44":{"start":{"line":102,"column":16},"end":{"line":107,"column":3}},"45":{"start":{"line":109,"column":2},"end":{"line":160,"column":5}},"46":{"start":{"line":110,"column":4},"end":{"line":113,"column":5}},"47":{"start":{"line":111,"column":6},"end":{"line":111,"column":22}},"48":{"start":{"line":112,"column":6},"end":{"line":112,"column":55}},"49":{"start":{"line":116,"column":26},"end":{"line":153,"column":6}},"50":{"start":{"line":118,"column":6},"end":{"line":122,"column":7}},"51":{"start":{"line":119,"column":8},"end":{"line":119,"column":41}},"52":{"start":{"line":121,"column":8},"end":{"line":121,"column":40}},"53":{"start":{"line":124,"column":6},"end":{"line":128,"column":7}},"54":{"start":{"line":125,"column":8},"end":{"line":125,"column":39}},"55":{"start":{"line":127,"column":8},"end":{"line":127,"column":39}},"56":{"start":{"line":130,"column":20},"end":{"line":134,"column":85}},"57":{"start":{"line":136,"column":6},"end":{"line":151,"column":9}},"58":{"start":{"line":137,"column":8},"end":{"line":150,"column":11}},"59":{"start":{"line":138,"column":10},"end":{"line":149,"column":11}},"60":{"start":{"line":138,"column":20},"end":{"line":138,"column":37}},"61":{"start":{"line":138,"column":38},"end":{"line":138,"column":46}},"62":{"start":{"line":139,"column":12},"end":{"line":139,"column":33}},"63":{"start":{"line":141,"column":12},"end":{"line":146,"column":14}},"64":{"start":{"line":142,"column":14},"end":{"line":145,"column":16}},"65":{"start":{"line":148,"column":12},"end":{"line":148,"column":25}},"66":{"start":{"line":155,"column":4},"end":{"line":158,"column":9}},"67":{"start":{"line":157,"column":8},"end":{"line":157,"column":37}},"68":{"start":{"line":163,"column":0},"end":{"line":223,"column":3}},"69":{"start":{"line":165,"column":2},"end":{"line":165,"column":24}},"70":{"start":{"line":168,"column":11},"end":{"line":177,"column":3}},"71":{"start":{"line":179,"column":2},"end":{"line":186,"column":3}},"72":{"start":{"line":180,"column":4},"end":{"line":185,"column":5}},"73":{"start":{"line":181,"column":6},"end":{"line":181,"column":58}},"74":{"start":{"line":182,"column":6},"end":{"line":182,"column":59}},"75":{"start":{"line":184,"column":6},"end":{"line":184,"column":84}},"76":{"start":{"line":189,"column":14},"end":{"line":190,"column":65}},"77":{"start":{"line":192,"column":2},"end":{"line":222,"column":7}},"78":{"start":{"line":196,"column":21},"end":{"line":200,"column":8}},"79":{"start":{"line":197,"column":20},"end":{"line":197,"column":78}},"80":{"start":{"line":199,"column":8},"end":{"line":199,"column":59}},"81":{"start":{"line":203,"column":6},"end":{"line":212,"column":7}},"82":{"start":{"line":205,"column":35},"end":{"line":205,"column":126}},"83":{"start":{"line":207,"column":8},"end":{"line":207,"column":34}},"84":{"start":{"line":208,"column":8},"end":{"line":208,"column":51}},"85":{"start":{"line":209,"column":8},"end":{"line":209,"column":55}},"86":{"start":{"line":210,"column":19},"end":{"line":210,"column":100}},"87":{"start":{"line":211,"column":8},"end":{"line":211,"column":28}},"88":{"start":{"line":214,"column":6},"end":{"line":217,"column":11}},"89":{"start":{"line":216,"column":10},"end":{"line":216,"column":37}},"90":{"start":{"line":221,"column":6},"end":{"line":221,"column":44}},"91":{"start":{"line":225,"column":0},"end":{"line":240,"column":3}},"92":{"start":{"line":227,"column":11},"end":{"line":229,"column":3}},"93":{"start":{"line":231,"column":14},"end":{"line":231,"column":75}},"94":{"start":{"line":233,"column":2},"end":{"line":239,"column":7}},"95":{"start":{"line":235,"column":6},"end":{"line":235,"column":47}},"96":{"start":{"line":238,"column":6},"end":{"line":238,"column":44}},"97":{"start":{"line":242,"column":0},"end":{"line":257,"column":3}},"98":{"start":{"line":244,"column":11},"end":{"line":246,"column":3}},"99":{"start":{"line":248,"column":14},"end":{"line":248,"column":72}},"100":{"start":{"line":250,"column":2},"end":{"line":256,"column":7}},"101":{"start":{"line":252,"column":6},"end":{"line":252,"column":47}},"102":{"start":{"line":255,"column":6},"end":{"line":255,"column":44}},"103":{"start":{"line":260,"column":0},"end":{"line":260,"column":78}},"104":{"start":{"line":260,"column":23},"end":{"line":260,"column":76}},"105":{"start":{"line":262,"column":0},"end":{"line":262,"column":21}}},"fnMap":{"0":{"name":"(anonymous_0)","decl":{"start":{"line":16,"column":13},"end":{"line":16,"column":14}},"loc":{"start":{"line":16,"column":39},"end":{"line":28,"column":1}},"line":16},"1":{"name":"(anonymous_1)","decl":{"start":{"line":21,"column":31},"end":{"line":21,"column":32}},"loc":{"start":{"line":21,"column":48},"end":{"line":27,"column":3}},"line":21},"2":{"name":"(anonymous_2)","decl":{"start":{"line":31,"column":13},"end":{"line":31,"column":14}},"loc":{"start":{"line":31,"column":27},"end":{"line":33,"column":1}},"line":31},"3":{"name":"(anonymous_3)","decl":{"start":{"line":36,"column":20},"end":{"line":36,"column":21}},"loc":{"start":{"line":36,"column":34},"end":{"line":92,"column":1}},"line":36},"4":{"name":"(anonymous_4)","decl":{"start":{"line":64,"column":20},"end":{"line":64,"column":21}},"loc":{"start":{"line":64,"column":41},"end":{"line":91,"column":3}},"line":64},"5":{"name":"(anonymous_5)","decl":{"start":{"line":72,"column":39},"end":{"line":72,"column":40}},"loc":{"start":{"line":72,"column":49},"end":{"line":83,"column":7}},"line":72},"6":{"name":"(anonymous_6)","decl":{"start":{"line":75,"column":27},"end":{"line":75,"column":28}},"loc":{"start":{"line":75,"column":41},"end":{"line":82,"column":9}},"line":75},"7":{"name":"(anonymous_7)","decl":{"start":{"line":76,"column":28},"end":{"line":76,"column":29}},"loc":{"start":{"line":76,"column":47},"end":{"line":81,"column":11}},"line":76},"8":{"name":"(anonymous_8)","decl":{"start":{"line":86,"column":14},"end":{"line":86,"column":15}},"loc":{"start":{"line":86,"column":24},"end":{"line":88,"column":9}},"line":86},"9":{"name":"(anonymous_9)","decl":{"start":{"line":94,"column":25},"end":{"line":94,"column":26}},"loc":{"start":{"line":94,"column":39},"end":{"line":161,"column":1}},"line":94},"10":{"name":"(anonymous_10)","decl":{"start":{"line":109,"column":20},"end":{"line":109,"column":21}},"loc":{"start":{"line":109,"column":41},"end":{"line":160,"column":3}},"line":109},"11":{"name":"(anonymous_11)","decl":{"start":{"line":116,"column":46},"end":{"line":116,"column":47}},"loc":{"start":{"line":116,"column":54},"end":{"line":153,"column":5}},"line":116},"12":{"name":"(anonymous_12)","decl":{"start":{"line":136,"column":25},"end":{"line":136,"column":26}},"loc":{"start":{"line":136,"column":39},"end":{"line":151,"column":7}},"line":136},"13":{"name":"(anonymous_13)","decl":{"start":{"line":137,"column":26},"end":{"line":137,"column":27}},"loc":{"start":{"line":137,"column":44},"end":{"line":150,"column":9}},"line":137},"14":{"name":"(anonymous_14)","decl":{"start":{"line":141,"column":30},"end":{"line":141,"column":31}},"loc":{"start":{"line":141,"column":37},"end":{"line":146,"column":13}},"line":141},"15":{"name":"(anonymous_15)","decl":{"start":{"line":156,"column":12},"end":{"line":156,"column":13}},"loc":{"start":{"line":156,"column":22},"end":{"line":158,"column":7}},"line":156},"16":{"name":"(anonymous_16)","decl":{"start":{"line":163,"column":21},"end":{"line":163,"column":22}},"loc":{"start":{"line":163,"column":35},"end":{"line":223,"column":1}},"line":163},"17":{"name":"(anonymous_17)","decl":{"start":{"line":193,"column":10},"end":{"line":193,"column":11}},"loc":{"start":{"line":193,"column":20},"end":{"line":219,"column":5}},"line":193},"18":{"name":"(anonymous_18)","decl":{"start":{"line":196,"column":35},"end":{"line":196,"column":36}},"loc":{"start":{"line":196,"column":46},"end":{"line":200,"column":7}},"line":196},"19":{"name":"(anonymous_19)","decl":{"start":{"line":215,"column":14},"end":{"line":215,"column":15}},"loc":{"start":{"line":215,"column":24},"end":{"line":217,"column":9}},"line":215},"20":{"name":"(anonymous_20)","decl":{"start":{"line":220,"column":11},"end":{"line":220,"column":12}},"loc":{"start":{"line":220,"column":20},"end":{"line":222,"column":5}},"line":220},"21":{"name":"(anonymous_21)","decl":{"start":{"line":225,"column":39},"end":{"line":225,"column":40}},"loc":{"start":{"line":225,"column":53},"end":{"line":240,"column":1}},"line":225},"22":{"name":"(anonymous_22)","decl":{"start":{"line":234,"column":10},"end":{"line":234,"column":11}},"loc":{"start":{"line":234,"column":20},"end":{"line":236,"column":5}},"line":234},"23":{"name":"(anonymous_23)","decl":{"start":{"line":237,"column":11},"end":{"line":237,"column":12}},"loc":{"start":{"line":237,"column":20},"end":{"line":239,"column":5}},"line":237},"24":{"name":"(anonymous_24)","decl":{"start":{"line":242,"column":38},"end":{"line":242,"column":39}},"loc":{"start":{"line":242,"column":52},"end":{"line":257,"column":1}},"line":242},"25":{"name":"(anonymous_25)","decl":{"start":{"line":251,"column":10},"end":{"line":251,"column":11}},"loc":{"start":{"line":251,"column":20},"end":{"line":253,"column":5}},"line":251},"26":{"name":"(anonymous_26)","decl":{"start":{"line":254,"column":11},"end":{"line":254,"column":12}},"loc":{"start":{"line":254,"column":20},"end":{"line":256,"column":5}},"line":254},"27":{"name":"(anonymous_27)","decl":{"start":{"line":260,"column":17},"end":{"line":260,"column":18}},"loc":{"start":{"line":260,"column":23},"end":{"line":260,"column":76}},"line":260}},"branchMap":{"0":{"loc":{"start":{"line":17,"column":2},"end":{"line":19,"column":3}},"type":"if","locations":[{"start":{"line":17,"column":2},"end":{"line":19,"column":3}},{"start":{"line":17,"column":2},"end":{"line":19,"column":3}}],"line":17},"1":{"loc":{"start":{"line":23,"column":4},"end":{"line":25,"column":5}},"type":"if","locations":[{"start":{"line":23,"column":4},"end":{"line":25,"column":5}},{"start":{"line":23,"column":4},"end":{"line":25,"column":5}}],"line":23},"2":{"loc":{"start":{"line":41,"column":10},"end":{"line":41,"column":29}},"type":"binary-expr","locations":[{"start":{"line":41,"column":10},"end":{"line":41,"column":24}},{"start":{"line":41,"column":28},"end":{"line":41,"column":29}}],"line":41},"3":{"loc":{"start":{"line":42,"column":11},"end":{"line":42,"column":31}},"type":"binary-expr","locations":[{"start":{"line":42,"column":11},"end":{"line":42,"column":26}},{"start":{"line":42,"column":30},"end":{"line":42,"column":31}}],"line":42},"4":{"loc":{"start":{"line":43,"column":10},"end":{"line":43,"column":37}},"type":"binary-expr","locations":[{"start":{"line":43,"column":10},"end":{"line":43,"column":24}},{"start":{"line":43,"column":28},"end":{"line":43,"column":37}}],"line":43},"5":{"loc":{"start":{"line":44,"column":16},"end":{"line":44,"column":41}},"type":"binary-expr","locations":[{"start":{"line":44,"column":16},"end":{"line":44,"column":36}},{"start":{"line":44,"column":40},"end":{"line":44,"column":41}}],"line":44},"6":{"loc":{"start":{"line":49,"column":2},"end":{"line":53,"column":3}},"type":"if","locations":[{"start":{"line":49,"column":2},"end":{"line":53,"column":3}},{"start":{"line":49,"column":2},"end":{"line":53,"column":3}}],"line":49},"7":{"loc":{"start":{"line":65,"column":4},"end":{"line":90,"column":5}},"type":"if","locations":[{"start":{"line":65,"column":4},"end":{"line":90,"column":5}},{"start":{"line":65,"column":4},"end":{"line":90,"column":5}}],"line":65},"8":{"loc":{"start":{"line":77,"column":12},"end":{"line":80,"column":13}},"type":"if","locations":[{"start":{"line":77,"column":12},"end":{"line":80,"column":13}},{"start":{"line":77,"column":12},"end":{"line":80,"column":13}}],"line":77},"9":{"loc":{"start":{"line":103,"column":16},"end":{"line":103,"column":41}},"type":"binary-expr","locations":[{"start":{"line":103,"column":16},"end":{"line":103,"column":36}},{"start":{"line":103,"column":40},"end":{"line":103,"column":41}}],"line":103},"10":{"loc":{"start":{"line":110,"column":4},"end":{"line":113,"column":5}},"type":"if","locations":[{"start":{"line":110,"column":4},"end":{"line":113,"column":5}},{"start":{"line":110,"column":4},"end":{"line":113,"column":5}}],"line":110},"11":{"loc":{"start":{"line":118,"column":6},"end":{"line":122,"column":7}},"type":"if","locations":[{"start":{"line":118,"column":6},"end":{"line":122,"column":7}},{"start":{"line":118,"column":6},"end":{"line":122,"column":7}}],"line":118},"12":{"loc":{"start":{"line":124,"column":6},"end":{"line":128,"column":7}},"type":"if","locations":[{"start":{"line":124,"column":6},"end":{"line":128,"column":7}},{"start":{"line":124,"column":6},"end":{"line":128,"column":7}}],"line":124},"13":{"loc":{"start":{"line":138,"column":10},"end":{"line":149,"column":11}},"type":"if","locations":[{"start":{"line":138,"column":10},"end":{"line":149,"column":11}},{"start":{"line":138,"column":10},"end":{"line":149,"column":11}}],"line":138},"14":{"loc":{"start":{"line":172,"column":18},"end":{"line":172,"column":49}},"type":"binary-expr","locations":[{"start":{"line":172,"column":18},"end":{"line":172,"column":40}},{"start":{"line":172,"column":44},"end":{"line":172,"column":49}}],"line":172},"15":{"loc":{"start":{"line":179,"column":2},"end":{"line":186,"column":3}},"type":"if","locations":[{"start":{"line":179,"column":2},"end":{"line":186,"column":3}},{"start":{"line":179,"column":2},"end":{"line":186,"column":3}}],"line":179}},"s":{"0":1,"1":1,"2":1,"3":1,"4":1,"5":1,"6":1,"7":0,"8":0,"9":0,"10":0,"11":0,"12":0,"13":0,"14":1,"15":0,"16":1,"17":0,"18":0,"19":0,"20":0,"21":0,"22":0,"23":0,"24":0,"25":0,"26":0,"27":0,"28":0,"29":0,"30":0,"31":0,"32":0,"33":0,"34":0,"35":0,"36":0,"37":0,"38":0,"39":0,"40":0,"41":1,"42":0,"43":0,"44":0,"45":0,"46":0,"47":0,"48":0,"49":0,"50":0,"51":0,"52":0,"53":0,"54":0,"55":0,"56":0,"57":0,"58":0,"59":0,"60":0,"61":0,"62":0,"63":0,"64":0,"65":0,"66":0,"67":0,"68":1,"69":0,"70":0,"71":0,"72":0,"73":0,"74":0,"75":0,"76":0,"77":0,"78":0,"79":0,"80":0,"81":0,"82":0,"83":0,"84":0,"85":0,"86":0,"87":0,"88":0,"89":0,"90":0,"91":1,"92":0,"93":0,"94":0,"95":0,"96":0,"97":1,"98":0,"99":0,"100":0,"101":0,"102":0,"103":1,"104":0,"105":1},"f":{"0":0,"1":0,"2":0,"3":0,"4":0,"5":0,"6":0,"7":0,"8":0,"9":0,"10":0,"11":0,"12":0,"13":0,"14":0,"15":0,"16":0,"17":0,"18":0,"19":0,"20":0,"21":0,"22":0,"23":0,"24":0,"25":0,"26":0,"27":0},"b":{"0":[0,0],"1":[0,0],"2":[0,0],"3":[0,0],"4":[0,0],"5":[0,0],"6":[0,0],"7":[0,0],"8":[0,0],"9":[0,0],"10":[0,0],"11":[0,0],"12":[0,0],"13":[0,0],"14":[0,0],"15":[0,0]},"_coverageSchema":"1a1c01bbd47fc00a2c39e90264f33305004495a9","hash":"f8c1e9295d371c291d3716818e69791617d48e64"}
,"/Users/andrew/Desktop/reviews-api/server/tests/sum.js": {"path":"/Users/andrew/Desktop/reviews-api/server/tests/sum.js","statementMap":{"0":{"start":{"line":2,"column":2},"end":{"line":2,"column":15}},"1":{"start":{"line":4,"column":0},"end":{"line":4,"column":21}}},"fnMap":{"0":{"name":"sum","decl":{"start":{"line":1,"column":9},"end":{"line":1,"column":12}},"loc":{"start":{"line":1,"column":19},"end":{"line":3,"column":1}},"line":1}},"branchMap":{},"s":{"0":1,"1":1},"f":{"0":1},"b":{},"_coverageSchema":"1a1c01bbd47fc00a2c39e90264f33305004495a9","hash":"801487e0361e6884c16d19a038ffb03e924bffc4"}
}
