{"/Users/andrewhamilton/Desktop/HackReactor/RPT28/reviews-api/server/server.js": {"path":"/Users/andrewhamilton/Desktop/HackReactor/RPT28/reviews-api/server/server.js","statementMap":{"0":{"start":{"line":1,"column":16},"end":{"line":1,"column":34}},"1":{"start":{"line":2,"column":12},"end":{"line":2,"column":21}},"2":{"start":{"line":3,"column":13},"end":{"line":3,"column":17}},"3":{"start":{"line":5,"column":19},"end":{"line":5,"column":32}},"4":{"start":{"line":6,"column":15},"end":{"line":12,"column":2}},"5":{"start":{"line":14,"column":0},"end":{"line":20,"column":3}},"6":{"start":{"line":15,"column":2},"end":{"line":19,"column":3}},"7":{"start":{"line":16,"column":4},"end":{"line":16,"column":46}},"8":{"start":{"line":18,"column":4},"end":{"line":18,"column":40}},"9":{"start":{"line":23,"column":0},"end":{"line":25,"column":2}},"10":{"start":{"line":24,"column":2},"end":{"line":24,"column":49}},"11":{"start":{"line":27,"column":0},"end":{"line":37,"column":3}},"12":{"start":{"line":28,"column":2},"end":{"line":36,"column":5}},"13":{"start":{"line":29,"column":4},"end":{"line":32,"column":5}},"14":{"start":{"line":30,"column":6},"end":{"line":30,"column":22}},"15":{"start":{"line":31,"column":6},"end":{"line":31,"column":50}},"16":{"start":{"line":34,"column":4},"end":{"line":34,"column":25}},"17":{"start":{"line":35,"column":4},"end":{"line":35,"column":17}},"18":{"start":{"line":39,"column":0},"end":{"line":49,"column":3}},"19":{"start":{"line":40,"column":2},"end":{"line":48,"column":5}},"20":{"start":{"line":41,"column":4},"end":{"line":44,"column":5}},"21":{"start":{"line":42,"column":6},"end":{"line":42,"column":22}},"22":{"start":{"line":43,"column":6},"end":{"line":43,"column":55}},"23":{"start":{"line":46,"column":4},"end":{"line":46,"column":25}},"24":{"start":{"line":47,"column":4},"end":{"line":47,"column":17}},"25":{"start":{"line":51,"column":0},"end":{"line":60,"column":3}},"26":{"start":{"line":52,"column":2},"end":{"line":59,"column":5}},"27":{"start":{"line":53,"column":4},"end":{"line":56,"column":5}},"28":{"start":{"line":54,"column":6},"end":{"line":54,"column":22}},"29":{"start":{"line":55,"column":6},"end":{"line":55,"column":51}},"30":{"start":{"line":57,"column":4},"end":{"line":57,"column":25}},"31":{"start":{"line":58,"column":4},"end":{"line":58,"column":17}},"32":{"start":{"line":64,"column":0},"end":{"line":73,"column":3}},"33":{"start":{"line":65,"column":2},"end":{"line":72,"column":5}},"34":{"start":{"line":66,"column":4},"end":{"line":69,"column":5}},"35":{"start":{"line":67,"column":6},"end":{"line":67,"column":22}},"36":{"start":{"line":68,"column":6},"end":{"line":68,"column":69}},"37":{"start":{"line":70,"column":4},"end":{"line":70,"column":25}},"38":{"start":{"line":71,"column":4},"end":{"line":71,"column":17}},"39":{"start":{"line":75,"column":0},"end":{"line":84,"column":3}},"40":{"start":{"line":76,"column":2},"end":{"line":83,"column":5}},"41":{"start":{"line":77,"column":4},"end":{"line":80,"column":5}},"42":{"start":{"line":78,"column":6},"end":{"line":78,"column":22}},"43":{"start":{"line":79,"column":6},"end":{"line":79,"column":68}},"44":{"start":{"line":81,"column":4},"end":{"line":81,"column":25}},"45":{"start":{"line":82,"column":4},"end":{"line":82,"column":17}},"46":{"start":{"line":87,"column":0},"end":{"line":87,"column":77}},"47":{"start":{"line":87,"column":23},"end":{"line":87,"column":76}},"48":{"start":{"line":89,"column":0},"end":{"line":89,"column":21}}},"fnMap":{"0":{"name":"(anonymous_0)","decl":{"start":{"line":14,"column":15},"end":{"line":14,"column":16}},"loc":{"start":{"line":14,"column":24},"end":{"line":20,"column":1}},"line":14},"1":{"name":"(anonymous_1)","decl":{"start":{"line":23,"column":13},"end":{"line":23,"column":14}},"loc":{"start":{"line":23,"column":27},"end":{"line":25,"column":1}},"line":23},"2":{"name":"(anonymous_2)","decl":{"start":{"line":27,"column":20},"end":{"line":27,"column":21}},"loc":{"start":{"line":27,"column":34},"end":{"line":37,"column":1}},"line":27},"3":{"name":"(anonymous_3)","decl":{"start":{"line":28,"column":24},"end":{"line":28,"column":25}},"loc":{"start":{"line":28,"column":45},"end":{"line":36,"column":3}},"line":28},"4":{"name":"(anonymous_4)","decl":{"start":{"line":39,"column":25},"end":{"line":39,"column":26}},"loc":{"start":{"line":39,"column":39},"end":{"line":49,"column":1}},"line":39},"5":{"name":"(anonymous_5)","decl":{"start":{"line":40,"column":24},"end":{"line":40,"column":25}},"loc":{"start":{"line":40,"column":45},"end":{"line":48,"column":3}},"line":40},"6":{"name":"(anonymous_6)","decl":{"start":{"line":51,"column":21},"end":{"line":51,"column":22}},"loc":{"start":{"line":51,"column":35},"end":{"line":60,"column":1}},"line":51},"7":{"name":"(anonymous_7)","decl":{"start":{"line":52,"column":24},"end":{"line":52,"column":25}},"loc":{"start":{"line":52,"column":45},"end":{"line":59,"column":3}},"line":52},"8":{"name":"(anonymous_8)","decl":{"start":{"line":64,"column":39},"end":{"line":64,"column":40}},"loc":{"start":{"line":64,"column":53},"end":{"line":73,"column":1}},"line":64},"9":{"name":"(anonymous_9)","decl":{"start":{"line":65,"column":24},"end":{"line":65,"column":25}},"loc":{"start":{"line":65,"column":45},"end":{"line":72,"column":3}},"line":65},"10":{"name":"(anonymous_10)","decl":{"start":{"line":75,"column":38},"end":{"line":75,"column":39}},"loc":{"start":{"line":75,"column":52},"end":{"line":84,"column":1}},"line":75},"11":{"name":"(anonymous_11)","decl":{"start":{"line":76,"column":24},"end":{"line":76,"column":25}},"loc":{"start":{"line":76,"column":45},"end":{"line":83,"column":3}},"line":76},"12":{"name":"(anonymous_12)","decl":{"start":{"line":87,"column":17},"end":{"line":87,"column":18}},"loc":{"start":{"line":87,"column":23},"end":{"line":87,"column":76}},"line":87}},"branchMap":{"0":{"loc":{"start":{"line":15,"column":2},"end":{"line":19,"column":3}},"type":"if","locations":[{"start":{"line":15,"column":2},"end":{"line":19,"column":3}},{"start":{"line":15,"column":2},"end":{"line":19,"column":3}}],"line":15},"1":{"loc":{"start":{"line":29,"column":4},"end":{"line":32,"column":5}},"type":"if","locations":[{"start":{"line":29,"column":4},"end":{"line":32,"column":5}},{"start":{"line":29,"column":4},"end":{"line":32,"column":5}}],"line":29},"2":{"loc":{"start":{"line":41,"column":4},"end":{"line":44,"column":5}},"type":"if","locations":[{"start":{"line":41,"column":4},"end":{"line":44,"column":5}},{"start":{"line":41,"column":4},"end":{"line":44,"column":5}}],"line":41},"3":{"loc":{"start":{"line":53,"column":4},"end":{"line":56,"column":5}},"type":"if","locations":[{"start":{"line":53,"column":4},"end":{"line":56,"column":5}},{"start":{"line":53,"column":4},"end":{"line":56,"column":5}}],"line":53},"4":{"loc":{"start":{"line":66,"column":4},"end":{"line":69,"column":5}},"type":"if","locations":[{"start":{"line":66,"column":4},"end":{"line":69,"column":5}},{"start":{"line":66,"column":4},"end":{"line":69,"column":5}}],"line":66},"5":{"loc":{"start":{"line":77,"column":4},"end":{"line":80,"column":5}},"type":"if","locations":[{"start":{"line":77,"column":4},"end":{"line":80,"column":5}},{"start":{"line":77,"column":4},"end":{"line":80,"column":5}}],"line":77}},"s":{"0":1,"1":1,"2":1,"3":1,"4":1,"5":1,"6":0,"7":0,"8":0,"9":1,"10":0,"11":1,"12":0,"13":0,"14":0,"15":0,"16":0,"17":0,"18":1,"19":0,"20":0,"21":0,"22":0,"23":0,"24":0,"25":1,"26":0,"27":0,"28":0,"29":0,"30":0,"31":0,"32":1,"33":0,"34":0,"35":0,"36":0,"37":0,"38":0,"39":1,"40":0,"41":0,"42":0,"43":0,"44":0,"45":0,"46":1,"47":0,"48":1},"f":{"0":0,"1":0,"2":0,"3":0,"4":0,"5":0,"6":0,"7":0,"8":0,"9":0,"10":0,"11":0,"12":0},"b":{"0":[0,0],"1":[0,0],"2":[0,0],"3":[0,0],"4":[0,0],"5":[0,0]},"_coverageSchema":"1a1c01bbd47fc00a2c39e90264f33305004495a9","hash":"2e91acdb5d88b230f764dbfeb599c2b1545d79d0"}
,"/Users/andrewhamilton/Desktop/HackReactor/RPT28/reviews-api/server/tests/sum.js": {"path":"/Users/andrewhamilton/Desktop/HackReactor/RPT28/reviews-api/server/tests/sum.js","statementMap":{"0":{"start":{"line":2,"column":2},"end":{"line":2,"column":15}},"1":{"start":{"line":4,"column":0},"end":{"line":4,"column":21}}},"fnMap":{"0":{"name":"sum","decl":{"start":{"line":1,"column":9},"end":{"line":1,"column":12}},"loc":{"start":{"line":1,"column":19},"end":{"line":3,"column":1}},"line":1}},"branchMap":{},"s":{"0":1,"1":1},"f":{"0":1},"b":{},"_coverageSchema":"1a1c01bbd47fc00a2c39e90264f33305004495a9","hash":"320c14c0f42ad8df5647eb9cd9b6c3016b7f2a0b"}
}
